Log: [e9d16d5c-55a7-41e6-873a-da06663f1cdb: 2023-11-18T15:34:33.662557-0300 - INFO - Request to access /]
Log: [e9d16d5c-55a7-41e6-873a-da06663f1cdb: 2023-11-18T15:34:33.662557-0300 - INFO - Successfully accessed /]
Log: [14308634-3362-4199-b3c6-2df4e5a4b00d: 2023-11-18T15:34:34.145518-0300 - INFO - Request to access /favicon.ico]
Log: [14308634-3362-4199-b3c6-2df4e5a4b00d: 2023-11-18T15:34:34.146027-0300 - INFO - Successfully accessed /favicon.ico]
Log: [79d55ac3-66d9-4cd0-afe4-49f021997dbf: 2023-11-18T15:34:37.965465-0300 - INFO - Request to access /docs/]
Log: [79d55ac3-66d9-4cd0-afe4-49f021997dbf: 2023-11-18T15:34:37.965977-0300 - INFO - Successfully accessed /docs/]
Log: [a24fd81f-d28b-4c98-875d-54559500e2eb: 2023-11-18T15:34:37.975119-0300 - INFO - Request to access /docs]
Log: [a24fd81f-d28b-4c98-875d-54559500e2eb: 2023-11-18T15:34:37.978964-0300 - INFO - Successfully accessed /docs]
Log: [70a171bf-edcd-483e-8489-2df5aa3e2ea9: 2023-11-18T15:34:39.511110-0300 - INFO - Request to access /openapi.json]
Log: [70a171bf-edcd-483e-8489-2df5aa3e2ea9: 2023-11-18T15:34:39.515310-0300 - INFO - Successfully accessed /openapi.json]
Log: [de3ac029-601a-4061-a1b3-3ea8fc0d2fd8: 2023-11-18T16:19:38.448869-0300 - INFO - Request to access /docs]
Log: [de3ac029-601a-4061-a1b3-3ea8fc0d2fd8: 2023-11-18T16:19:38.448869-0300 - INFO - Successfully accessed /docs]
Log: [6df96fba-9d96-425e-ab8e-a99a0391c39d: 2023-11-18T16:19:39.037403-0300 - INFO - Request to access /openapi.json]
Log: [6df96fba-9d96-425e-ab8e-a99a0391c39d: 2023-11-18T16:19:39.045918-0300 - INFO - Successfully accessed /openapi.json]
Log: [f1a52f64-5c6a-45d5-8800-ae630caf997f: 2023-11-18T16:19:57.244771-0300 - INFO - Request to access /napne/1]
Log: [f1a52f64-5c6a-45d5-8800-ae630caf997f: 2023-11-18T16:19:57.244771-0300 - INFO - Successfully accessed /napne/1]
Log: [b9d180ba-b187-4cec-a54c-57aea07ed7f6: 2023-11-18T16:20:29.098710-0300 - INFO - Request to access /napne/1]
Log: [b9d180ba-b187-4cec-a54c-57aea07ed7f6: 2023-11-18T16:20:29.103234-0300 - INFO - Successfully accessed /napne/1]
Log: [c3f7a110-f2fe-4b70-ae9d-c2a6b89f59fb: 2023-11-18T16:20:50.967568-0300 - INFO - Request to access /napne/2]
Log: [c3f7a110-f2fe-4b70-ae9d-c2a6b89f59fb: 2023-11-18T16:20:50.971868-0300 - INFO - Successfully accessed /napne/2]
